{"C:\\Users\\personal\\projects\\microverse\\mv-todo_list\\src\\addAndRemove.js": {"path":"C:\\Users\\personal\\projects\\microverse\\mv-todo_list\\src\\addAndRemove.js","statementMap":{"0":{"start":{"line":1,"column":26},"end":{"line":7,"column":1}},"1":{"start":{"line":2,"column":26},"end":{"line":2,"column":69}},"2":{"start":{"line":2,"column":54},"end":{"line":2,"column":68}},"3":{"start":{"line":3,"column":21},"end":{"line":3,"column":53}},"4":{"start":{"line":4,"column":2},"end":{"line":4,"column":22}},"5":{"start":{"line":5,"column":2},"end":{"line":5,"column":31}},"6":{"start":{"line":6,"column":2},"end":{"line":6,"column":65}},"7":{"start":{"line":9,"column":24},"end":{"line":21,"column":1}},"8":{"start":{"line":10,"column":27},"end":{"line":10,"column":73}},"9":{"start":{"line":10,"column":58},"end":{"line":10,"column":72}},"10":{"start":{"line":11,"column":2},"end":{"line":11,"column":55}},"11":{"start":{"line":12,"column":2},"end":{"line":20,"column":3}},"12":{"start":{"line":13,"column":4},"end":{"line":13,"column":58}},"13":{"start":{"line":14,"column":4},"end":{"line":14,"column":35}},"14":{"start":{"line":15,"column":4},"end":{"line":15,"column":40}},"15":{"start":{"line":17,"column":4},"end":{"line":17,"column":59}},"16":{"start":{"line":18,"column":4},"end":{"line":18,"column":38}},"17":{"start":{"line":19,"column":4},"end":{"line":19,"column":37}}},"fnMap":{"0":{"name":"(anonymous_0)","decl":{"start":{"line":1,"column":26},"end":{"line":1,"column":27}},"loc":{"start":{"line":1,"column":46},"end":{"line":7,"column":1}},"line":1},"1":{"name":"(anonymous_1)","decl":{"start":{"line":2,"column":44},"end":{"line":2,"column":45}},"loc":{"start":{"line":2,"column":54},"end":{"line":2,"column":68}},"line":2},"2":{"name":"(anonymous_2)","decl":{"start":{"line":9,"column":24},"end":{"line":9,"column":25}},"loc":{"start":{"line":9,"column":83},"end":{"line":21,"column":1}},"line":9},"3":{"name":"(anonymous_3)","decl":{"start":{"line":10,"column":48},"end":{"line":10,"column":49}},"loc":{"start":{"line":10,"column":58},"end":{"line":10,"column":72}},"line":10}},"branchMap":{"0":{"loc":{"start":{"line":12,"column":2},"end":{"line":20,"column":3}},"type":"if","locations":[{"start":{"line":12,"column":2},"end":{"line":20,"column":3}},{"start":{"line":12,"column":2},"end":{"line":20,"column":3}}],"line":12}},"s":{"0":1,"1":2,"2":4,"3":2,"4":0,"5":0,"6":0,"7":1,"8":0,"9":0,"10":0,"11":0,"12":0,"13":0,"14":0,"15":0,"16":0,"17":0},"f":{"0":2,"1":4,"2":0,"3":0},"b":{"0":[0,0]},"_coverageSchema":"1a1c01bbd47fc00a2c39e90264f33305004495a9","hash":"35d7b6063683050bbbf9ed63b8e7f054dce6e8a1"}
,"C:\\Users\\personal\\projects\\microverse\\mv-todo_list\\src\\tasks.js": {"path":"C:\\Users\\personal\\projects\\microverse\\mv-todo_list\\src\\tasks.js","statementMap":{"0":{"start":{"line":1,"column":26},"end":{"line":1,"column":77}},"1":{"start":{"line":1,"column":32},"end":{"line":1,"column":77}},"2":{"start":{"line":3,"column":29},"end":{"line":9,"column":1}},"3":{"start":{"line":4,"column":2},"end":{"line":6,"column":3}},"4":{"start":{"line":5,"column":4},"end":{"line":5,"column":13}},"5":{"start":{"line":7,"column":27},"end":{"line":7,"column":73}},"6":{"start":{"line":8,"column":2},"end":{"line":8,"column":33}},"7":{"start":{"line":11,"column":20},"end":{"line":24,"column":1}},"8":{"start":{"line":14,"column":6},"end":{"line":14,"column":14}},"9":{"start":{"line":16,"column":4},"end":{"line":16,"column":49}},"10":{"start":{"line":19,"column":4},"end":{"line":19,"column":38}},"11":{"start":{"line":21,"column":2},"end":{"line":23,"column":4}},"12":{"start":{"line":26,"column":19},"end":{"line":26,"column":45}},"13":{"start":{"line":26,"column":30},"end":{"line":26,"column":45}},"14":{"start":{"line":30,"column":26},"end":{"line":49,"column":1}},"15":{"start":{"line":31,"column":22},"end":{"line":31,"column":42}},"16":{"start":{"line":32,"column":22},"end":{"line":32,"column":50}},"17":{"start":{"line":33,"column":2},"end":{"line":33,"column":32}},"18":{"start":{"line":34,"column":2},"end":{"line":34,"column":46}},"19":{"start":{"line":35,"column":2},"end":{"line":35,"column":50}},"20":{"start":{"line":36,"column":2},"end":{"line":36,"column":67}},"21":{"start":{"line":37,"column":2},"end":{"line":47,"column":12}},"22":{"start":{"line":48,"column":2},"end":{"line":48,"column":21}},"23":{"start":{"line":51,"column":27},"end":{"line":54,"column":1}},"24":{"start":{"line":52,"column":25},"end":{"line":52,"column":48}},"25":{"start":{"line":53,"column":2},"end":{"line":53,"column":46}},"26":{"start":{"line":56,"column":32},"end":{"line":60,"column":1}},"27":{"start":{"line":57,"column":2},"end":{"line":59,"column":5}},"28":{"start":{"line":58,"column":4},"end":{"line":58,"column":39}},"29":{"start":{"line":62,"column":29},"end":{"line":70,"column":1}},"30":{"start":{"line":63,"column":2},"end":{"line":68,"column":3}},"31":{"start":{"line":64,"column":4},"end":{"line":64,"column":20}},"32":{"start":{"line":66,"column":4},"end":{"line":66,"column":64}},"33":{"start":{"line":67,"column":4},"end":{"line":67,"column":40}},"34":{"start":{"line":69,"column":2},"end":{"line":69,"column":20}},"35":{"start":{"line":72,"column":29},"end":{"line":74,"column":1}},"36":{"start":{"line":73,"column":2},"end":{"line":73,"column":68}},"37":{"start":{"line":76,"column":36},"end":{"line":81,"column":1}},"38":{"start":{"line":77,"column":2},"end":{"line":77,"column":31}},"39":{"start":{"line":78,"column":2},"end":{"line":78,"column":74}},"40":{"start":{"line":78,"column":43},"end":{"line":78,"column":72}},"41":{"start":{"line":79,"column":2},"end":{"line":79,"column":28}},"42":{"start":{"line":80,"column":2},"end":{"line":80,"column":20}}},"fnMap":{"0":{"name":"(anonymous_0)","decl":{"start":{"line":1,"column":26},"end":{"line":1,"column":27}},"loc":{"start":{"line":1,"column":32},"end":{"line":1,"column":77}},"line":1},"1":{"name":"(anonymous_1)","decl":{"start":{"line":3,"column":29},"end":{"line":3,"column":30}},"loc":{"start":{"line":3,"column":35},"end":{"line":9,"column":1}},"line":3},"2":{"name":"(anonymous_2)","decl":{"start":{"line":11,"column":20},"end":{"line":11,"column":21}},"loc":{"start":{"line":11,"column":34},"end":{"line":24,"column":1}},"line":11},"3":{"name":"changeCompletedStatus","decl":{"start":{"line":15,"column":11},"end":{"line":15,"column":32}},"loc":{"start":{"line":15,"column":35},"end":{"line":17,"column":3}},"line":15},"4":{"name":"setDescription","decl":{"start":{"line":18,"column":11},"end":{"line":18,"column":25}},"loc":{"start":{"line":18,"column":42},"end":{"line":20,"column":3}},"line":18},"5":{"name":"(anonymous_5)","decl":{"start":{"line":26,"column":19},"end":{"line":26,"column":20}},"loc":{"start":{"line":26,"column":30},"end":{"line":26,"column":45}},"line":26},"6":{"name":"(anonymous_6)","decl":{"start":{"line":30,"column":26},"end":{"line":30,"column":27}},"loc":{"start":{"line":30,"column":36},"end":{"line":49,"column":1}},"line":30},"7":{"name":"(anonymous_7)","decl":{"start":{"line":51,"column":27},"end":{"line":51,"column":28}},"loc":{"start":{"line":51,"column":54},"end":{"line":54,"column":1}},"line":51},"8":{"name":"(anonymous_8)","decl":{"start":{"line":56,"column":32},"end":{"line":56,"column":33}},"loc":{"start":{"line":56,"column":60},"end":{"line":60,"column":1}},"line":56},"9":{"name":"(anonymous_9)","decl":{"start":{"line":57,"column":16},"end":{"line":57,"column":17}},"loc":{"start":{"line":57,"column":26},"end":{"line":59,"column":3}},"line":57},"10":{"name":"(anonymous_10)","decl":{"start":{"line":62,"column":29},"end":{"line":62,"column":30}},"loc":{"start":{"line":62,"column":35},"end":{"line":70,"column":1}},"line":62},"11":{"name":"(anonymous_11)","decl":{"start":{"line":72,"column":29},"end":{"line":72,"column":30}},"loc":{"start":{"line":72,"column":48},"end":{"line":74,"column":1}},"line":72},"12":{"name":"(anonymous_12)","decl":{"start":{"line":76,"column":36},"end":{"line":76,"column":37}},"loc":{"start":{"line":76,"column":42},"end":{"line":81,"column":1}},"line":76},"13":{"name":"(anonymous_13)","decl":{"start":{"line":78,"column":33},"end":{"line":78,"column":34}},"loc":{"start":{"line":78,"column":43},"end":{"line":78,"column":72}},"line":78}},"branchMap":{"0":{"loc":{"start":{"line":4,"column":2},"end":{"line":6,"column":3}},"type":"if","locations":[{"start":{"line":4,"column":2},"end":{"line":6,"column":3}},{"start":{"line":4,"column":2},"end":{"line":6,"column":3}}],"line":4},"1":{"loc":{"start":{"line":13,"column":17},"end":{"line":13,"column":40}},"type":"default-arg","locations":[{"start":{"line":13,"column":35},"end":{"line":13,"column":40}}],"line":13},"2":{"loc":{"start":{"line":13,"column":42},"end":{"line":13,"column":59}},"type":"default-arg","locations":[{"start":{"line":13,"column":47},"end":{"line":13,"column":59}}],"line":13},"3":{"loc":{"start":{"line":13,"column":61},"end":{"line":13,"column":84}},"type":"default-arg","locations":[{"start":{"line":13,"column":69},"end":{"line":13,"column":84}}],"line":13},"4":{"loc":{"start":{"line":39,"column":97},"end":{"line":39,"column":122}},"type":"cond-expr","locations":[{"start":{"line":39,"column":111},"end":{"line":39,"column":117}},{"start":{"line":39,"column":120},"end":{"line":39,"column":122}}],"line":39},"5":{"loc":{"start":{"line":40,"column":44},"end":{"line":40,"column":69}},"type":"cond-expr","locations":[{"start":{"line":40,"column":58},"end":{"line":40,"column":60}},{"start":{"line":40,"column":63},"end":{"line":40,"column":69}}],"line":40},"6":{"loc":{"start":{"line":41,"column":39},"end":{"line":41,"column":67}},"type":"cond-expr","locations":[{"start":{"line":41,"column":53},"end":{"line":41,"column":62}},{"start":{"line":41,"column":65},"end":{"line":41,"column":67}}],"line":41},"7":{"loc":{"start":{"line":44,"column":53},"end":{"line":44,"column":78}},"type":"cond-expr","locations":[{"start":{"line":44,"column":67},"end":{"line":44,"column":73}},{"start":{"line":44,"column":76},"end":{"line":44,"column":78}}],"line":44},"8":{"loc":{"start":{"line":45,"column":45},"end":{"line":45,"column":70}},"type":"cond-expr","locations":[{"start":{"line":45,"column":59},"end":{"line":45,"column":61}},{"start":{"line":45,"column":64},"end":{"line":45,"column":70}}],"line":45},"9":{"loc":{"start":{"line":63,"column":2},"end":{"line":68,"column":3}},"type":"if","locations":[{"start":{"line":63,"column":2},"end":{"line":68,"column":3}},{"start":{"line":63,"column":2},"end":{"line":68,"column":3}}],"line":63}},"s":{"0":1,"1":6,"2":1,"3":0,"4":0,"5":0,"6":0,"7":1,"8":0,"9":0,"10":0,"11":0,"12":1,"13":0,"14":1,"15":0,"16":0,"17":0,"18":0,"19":0,"20":0,"21":0,"22":0,"23":1,"24":0,"25":0,"26":1,"27":0,"28":0,"29":1,"30":0,"31":0,"32":0,"33":0,"34":0,"35":1,"36":0,"37":1,"38":0,"39":0,"40":0,"41":0,"42":0},"f":{"0":6,"1":0,"2":0,"3":0,"4":0,"5":0,"6":0,"7":0,"8":0,"9":0,"10":0,"11":0,"12":0,"13":0},"b":{"0":[0,0],"1":[0],"2":[0],"3":[0],"4":[0,0],"5":[0,0],"6":[0,0],"7":[0,0],"8":[0,0],"9":[0,0]},"_coverageSchema":"1a1c01bbd47fc00a2c39e90264f33305004495a9","hash":"ff690deb461ff28076254df62d83f758064acf53"}
}
